2018-11-08 10:05:26.143  INFO 10544 --- [                 restartedMain] c.c.shopseckill.ShopSeckillApplication   : Starting ShopSeckillApplication on EDZ-20171124WCV with PID 10544 (D:\mavenproject\shop-seckill\target\classes started by Administrator in D:\mavenproject\shop-seckill)
2018-11-08 10:05:26.147  INFO 10544 --- [                 restartedMain] c.c.shopseckill.ShopSeckillApplication   : No active profile set, falling back to default profiles: default
2018-11-08 10:05:26.262  INFO 10544 --- [                 restartedMain] ConfigServletWebServerApplicationContext : Refreshing org.springframework.boot.web.servlet.context.AnnotationConfigServletWebServerApplicationContext@518cb2b3: startup date [Thu Nov 08 10:05:26 CST 2018]; root of context hierarchy
2018-11-08 10:05:29.667  INFO 10544 --- [                 restartedMain] o.s.b.w.embedded.tomcat.TomcatWebServer  : Tomcat initialized with port(s): 8080 (http)
2018-11-08 10:05:29.724  INFO 10544 --- [                 restartedMain] o.apache.catalina.core.StandardService   : Starting service [Tomcat]
2018-11-08 10:05:29.725  INFO 10544 --- [                 restartedMain] org.apache.catalina.core.StandardEngine  : Starting Servlet Engine: Apache Tomcat/8.5.34
2018-11-08 10:05:29.751  INFO 10544 --- [         localhost-startStop-1] o.a.catalina.core.AprLifecycleListener   : The APR based Apache Tomcat Native library which allows optimal performance in production environments was not found on the java.library.path: [C:\Program Files\Java\jdk1.8.0_131\bin;C:\WINDOWS\Sun\Java\bin;C:\WINDOWS\system32;C:\WINDOWS;C:/Program Files/Java/jre1.8.0_131/bin/server;C:/Program Files/Java/jre1.8.0_131/bin;C:/Program Files/Java/jre1.8.0_131/lib/amd64;D:\Python\Scripts\;D:\Python\;C:\ProgramData\Oracle\Java\javapath;C:\Program Files (x86)\Intel\iCLS Client\;C:\Program Files\Intel\iCLS Client\;C:\WINDOWS\system32;C:\WINDOWS;C:\WINDOWS\System32\Wbem;C:\WINDOWS\System32\WindowsPowerShell\v1.0\;C:\Program Files (x86)\Intel\Intel(R) Management Engine Components\DAL;C:\Program Files\Intel\Intel(R) Management Engine Components\DAL;C:\Program Files (x86)\Intel\Intel(R) Management Engine Components\IPT;C:\Program Files\Intel\Intel(R) Management Engine Components\IPT;C:\Program Files\Java\jdk1.8.0_131\bin;C:\Program Files\Java\jdk1.8.0_131\jre\bin;C:\Program Files\Git\cmd;C:\Program Files\TortoiseGit\bin;C:\Program Files\maven\apache-maven-3.3.9\bin;C:\Program Files\Java\groovy-2.4.14\bin;D:\node\;C:\WINDOWS\System32\OpenSSH\;D:\fiddler;C:\Users\Administrator\AppData\Roaming\npm;D:\visual\Microsoft VS Code\bin;C:\Users\Administrator\AppData\Local\Microsoft\WindowsApps;;D:\eclipse\eclipse;;.]
2018-11-08 10:05:29.990  INFO 10544 --- [         localhost-startStop-1] o.a.c.c.C.[Tomcat].[localhost].[/]       : Initializing Spring embedded WebApplicationContext
2018-11-08 10:05:29.993  INFO 10544 --- [         localhost-startStop-1] o.s.web.context.ContextLoader            : Root WebApplicationContext: initialization completed in 3731 ms
2018-11-08 10:05:30.208  INFO 10544 --- [         localhost-startStop-1] o.s.b.w.servlet.ServletRegistrationBean  : Servlet dispatcherServlet mapped to [/]
2018-11-08 10:05:30.233  INFO 10544 --- [         localhost-startStop-1] o.s.b.w.servlet.ServletRegistrationBean  : Servlet statViewServlet mapped to [/druid/*]
2018-11-08 10:05:30.243  INFO 10544 --- [         localhost-startStop-1] o.s.b.w.servlet.FilterRegistrationBean   : Mapping filter: 'characterEncodingFilter' to: [/*]
2018-11-08 10:05:30.246  INFO 10544 --- [         localhost-startStop-1] o.s.b.w.servlet.FilterRegistrationBean   : Mapping filter: 'hiddenHttpMethodFilter' to: [/*]
2018-11-08 10:05:30.265  INFO 10544 --- [         localhost-startStop-1] o.s.b.w.servlet.FilterRegistrationBean   : Mapping filter: 'httpPutFormContentFilter' to: [/*]
2018-11-08 10:05:30.267  INFO 10544 --- [         localhost-startStop-1] o.s.b.w.servlet.FilterRegistrationBean   : Mapping filter: 'requestContextFilter' to: [/*]
2018-11-08 10:05:30.271  INFO 10544 --- [         localhost-startStop-1] o.s.b.w.servlet.FilterRegistrationBean   : Mapping filter: 'webStatFilter' to urls: [/*]
2018-11-08 10:05:30.658  INFO 10544 --- [                 restartedMain] c.a.d.s.b.a.DruidDataSourceAutoConfigure : Init DruidDataSource
2018-11-08 10:05:31.539  INFO 10544 --- [                 restartedMain] com.alibaba.druid.pool.DruidDataSource   : {dataSource-1} inited
2018-11-08 10:05:32.262  INFO 10544 --- [                 restartedMain] o.s.w.s.handler.SimpleUrlHandlerMapping  : Mapped URL path [/**/favicon.ico] onto handler of type [class org.springframework.web.servlet.resource.ResourceHttpRequestHandler]
2018-11-08 10:05:32.625  INFO 10544 --- [                 restartedMain] s.w.s.m.m.a.RequestMappingHandlerAdapter : Looking for @ControllerAdvice: org.springframework.boot.web.servlet.context.AnnotationConfigServletWebServerApplicationContext@518cb2b3: startup date [Thu Nov 08 10:05:26 CST 2018]; root of context hierarchy
2018-11-08 10:05:32.807  INFO 10544 --- [                 restartedMain] s.w.s.m.m.a.RequestMappingHandlerMapping : Mapped "{[/error]}" onto public org.springframework.http.ResponseEntity<java.util.Map<java.lang.String, java.lang.Object>> org.springframework.boot.autoconfigure.web.servlet.error.BasicErrorController.error(javax.servlet.http.HttpServletRequest)
2018-11-08 10:05:32.811  INFO 10544 --- [                 restartedMain] s.w.s.m.m.a.RequestMappingHandlerMapping : Mapped "{[/error],produces=[text/html]}" onto public org.springframework.web.servlet.ModelAndView org.springframework.boot.autoconfigure.web.servlet.error.BasicErrorController.errorHtml(javax.servlet.http.HttpServletRequest,javax.servlet.http.HttpServletResponse)
2018-11-08 10:05:32.925  INFO 10544 --- [                 restartedMain] o.s.w.s.handler.SimpleUrlHandlerMapping  : Mapped URL path [/webjars/**] onto handler of type [class org.springframework.web.servlet.resource.ResourceHttpRequestHandler]
2018-11-08 10:05:32.928  INFO 10544 --- [                 restartedMain] o.s.w.s.handler.SimpleUrlHandlerMapping  : Mapped URL path [/**] onto handler of type [class org.springframework.web.servlet.resource.ResourceHttpRequestHandler]
2018-11-08 10:05:33.473  INFO 10544 --- [                 restartedMain] o.s.ui.freemarker.SpringTemplateLoader   : SpringTemplateLoader for FreeMarker: using resource loader [org.springframework.boot.web.servlet.context.AnnotationConfigServletWebServerApplicationContext@518cb2b3: startup date [Thu Nov 08 10:05:26 CST 2018]; root of context hierarchy] and template loader path [classpath:/templates/]
2018-11-08 10:05:33.478  INFO 10544 --- [                 restartedMain] o.s.w.s.v.f.FreeMarkerConfigurer         : ClassTemplateLoader for Spring macros added to FreeMarker configuration
2018-11-08 10:05:33.537  WARN 10544 --- [                 restartedMain] o.s.b.a.f.FreeMarkerAutoConfiguration    : Cannot find template location(s): [classpath:/templates/] (please add some templates, check your FreeMarker configuration, or set spring.freemarker.checkTemplateLocation=false)
2018-11-08 10:05:34.175  INFO 10544 --- [                 restartedMain] o.s.b.d.a.OptionalLiveReloadServer       : LiveReload server is running on port 35729
2018-11-08 10:05:34.325  INFO 10544 --- [                 restartedMain] o.s.j.e.a.AnnotationMBeanExporter        : Registering beans for JMX exposure on startup
2018-11-08 10:05:34.328  INFO 10544 --- [                 restartedMain] o.s.j.e.a.AnnotationMBeanExporter        : Bean with name 'statFilter' has been autodetected for JMX exposure
2018-11-08 10:05:34.330  INFO 10544 --- [                 restartedMain] o.s.j.e.a.AnnotationMBeanExporter        : Bean with name 'dataSource' has been autodetected for JMX exposure
2018-11-08 10:05:34.340  INFO 10544 --- [                 restartedMain] o.s.j.e.a.AnnotationMBeanExporter        : Located MBean 'dataSource': registering with JMX server as MBean [com.alibaba.druid.spring.boot.autoconfigure:name=dataSource,type=DruidDataSourceWrapper]
2018-11-08 10:05:34.341  INFO 10544 --- [                 restartedMain] o.s.j.e.a.AnnotationMBeanExporter        : Located MBean 'statFilter': registering with JMX server as MBean [com.alibaba.druid.filter.stat:name=statFilter,type=StatFilter]
2018-11-08 10:05:34.428  INFO 10544 --- [                 restartedMain] o.s.b.w.embedded.tomcat.TomcatWebServer  : Tomcat started on port(s): 8080 (http) with context path ''
2018-11-08 10:05:34.438  INFO 10544 --- [                 restartedMain] c.c.shopseckill.ShopSeckillApplication   : Started ShopSeckillApplication in 9.198 seconds (JVM running for 10.203)
